Initializing document watcher...
Document watcher initialized
xixianteoh/main.py: {"tabSize":4,"indentSize":4,"insertSpaces":true,"cursorStyle":1,"lineNumbers":1}
xixianteoh/main.py: Using EditorConfig core...
xixianteoh/main.py: {"tabSize":4,"indentSize":4,"insertSpaces":true,"cursorStyle":1,"lineNumbers":1}
xixianteoh/main.py: Using EditorConfig core...
xixianteoh/main.py: Using EditorConfig core...
xixianteoh/main.py: Using EditorConfig core...
xixianteoh/main.py: Using EditorConfig core...
xixianteoh/main.py: Using EditorConfig core...
xixianteoh/main.py: {"tabSize":4,"indentSize":4,"insertSpaces":true,"cursorStyle":1,"lineNumbers":1}
xixianteoh/main.py: {"tabSize":4,"indentSize":4,"insertSpaces":true,"cursorStyle":1,"lineNumbers":1}
xixianteoh/.env: {"tabSize":4,"indentSize":4,"insertSpaces":true,"cursorStyle":1,"lineNumbers":1}
xixianteoh/.env: Using EditorConfig core...
xixianteoh/.env: {"tabSize":4,"indentSize":4,"insertSpaces":true,"cursorStyle":1,"lineNumbers":1}
xixianteoh/requirements.txt: {"tabSize":4,"indentSize":4,"insertSpaces":true,"cursorStyle":1,"lineNumbers":1}
xixianteoh/requirements.txt: Using EditorConfig core...
xixianteoh/requirements.txt: {"tabSize":4,"indentSize":4,"insertSpaces":true,"cursorStyle":1,"lineNumbers":1}
xixianteoh/main.py: {"tabSize":4,"indentSize":4,"insertSpaces":true,"cursorStyle":1,"lineNumbers":1}
xixianteoh/main.py: {"tabSize":4,"indentSize":4,"insertSpaces":true,"cursorStyle":1,"lineNumbers":1}
xixianteoh/main.py: {"tabSize":4,"indentSize":4,"insertSpaces":true,"cursorStyle":1,"lineNumbers":1}
xixianteoh/main.py: {"tabSize":4,"indentSize":4,"insertSpaces":true,"cursorStyle":1,"lineNumbers":1}
xixianteoh/main.py: Using EditorConfig core...
xixianteoh/main.py: {"tabSize":4,"indentSize":4,"insertSpaces":true,"cursorStyle":1,"lineNumbers":1}
xixianteoh/main.py: {"tabSize":4,"indentSize":4,"insertSpaces":true,"cursorStyle":1,"lineNumbers":1}
xixianteoh/.env: {"tabSize":4,"indentSize":4,"insertSpaces":true,"cursorStyle":1,"lineNumbers":1}
xixianteoh/.env: Using EditorConfig core...
xixianteoh/.env: Using EditorConfig core...
xixianteoh/.env: Using EditorConfig core...
xixianteoh/.env: Using EditorConfig core...
xixianteoh/.env: {"tabSize":4,"indentSize":4,"insertSpaces":true,"cursorStyle":1,"lineNumbers":1}
xixianteoh/.env: Using EditorConfig core...
xixianteoh/.env: Using EditorConfig core...
xixianteoh/.env: Using EditorConfig core...
xixianteoh/.env: {"tabSize":4,"indentSize":4,"insertSpaces":true,"cursorStyle":1,"lineNumbers":1}
xixianteoh/main.py: {}
xixianteoh/main.py: {"tabSize":4,"indentSize":4,"insertSpaces":true,"cursorStyle":1,"lineNumbers":1}
xixianteoh/main.py: {"tabSize":4,"indentSize":4,"insertSpaces":true,"cursorStyle":1,"lineNumbers":1}
xixianteoh/main.py: {"tabSize":4,"indentSize":4,"insertSpaces":true,"cursorStyle":1,"lineNumbers":1}
xixianteoh/main.py: Using EditorConfig core...
xixianteoh/main.py: {"tabSize":4,"indentSize":4,"insertSpaces":true,"cursorStyle":1,"lineNumbers":1}
xixianteoh/main.py: {"tabSize":4,"indentSize":4,"insertSpaces":true,"cursorStyle":1,"lineNumbers":1}
xixianteoh/main.py: Using EditorConfig core...
xixianteoh/main.py: {"tabSize":4,"indentSize":4,"insertSpaces":true,"cursorStyle":1,"lineNumbers":1}
xixianteoh/main.py: Using EditorConfig core...
xixianteoh/main.py: {"tabSize":4,"indentSize":4,"insertSpaces":true,"cursorStyle":1,"lineNumbers":1}
xixianteoh/main.py: {"tabSize":4,"indentSize":4,"insertSpaces":true,"cursorStyle":1,"lineNumbers":1}
xixianteoh/main.py: Using EditorConfig core...
xixianteoh/main.py: {"tabSize":4,"indentSize":4,"insertSpaces":true,"cursorStyle":1,"lineNumbers":1}
xixianteoh/main.py: {"tabSize":4,"indentSize":4,"insertSpaces":true,"cursorStyle":1,"lineNumbers":1}
xixianteoh/main.py: {"tabSize":4,"indentSize":4,"insertSpaces":true,"cursorStyle":1,"lineNumbers":1}
xixianteoh/main.py: Using EditorConfig core...
xixianteoh/main.py: Using EditorConfig core...
xixianteoh/main.py: Using EditorConfig core...
xixianteoh/main.py: Using EditorConfig core...
xixianteoh/main.py: Using EditorConfig core...
xixianteoh/main.py: Using EditorConfig core...
xixianteoh/main.py: Using EditorConfig core...
xixianteoh/main.py: Using EditorConfig core...
xixianteoh/.env: {"tabSize":4,"indentSize":4,"insertSpaces":true,"cursorStyle":1,"lineNumbers":1}
xixianteoh/.env: Using EditorConfig core...
xixianteoh/main.py: {"tabSize":4,"indentSize":4,"insertSpaces":true,"cursorStyle":1,"lineNumbers":1}
xixianteoh/main.py: Using EditorConfig core...
xixianteoh/main.py: Using EditorConfig core...
xixianteoh/main.py: Using EditorConfig core...
xixianteoh/main.py: Using EditorConfig core...
xixianteoh/main.py: Using EditorConfig core...
xixianteoh/main.py: Using EditorConfig core...
xixianteoh/main.py: Using EditorConfig core...
xixianteoh/main.py: Using EditorConfig core...
xixianteoh/main.py: Using EditorConfig core...
xixianteoh/main.py: Using EditorConfig core...
xixianteoh/main.py: Using EditorConfig core...
xixianteoh/main.py: Using EditorConfig core...
xixianteoh/main.py: Using EditorConfig core...
xixianteoh/main.py: Using EditorConfig core...
xixianteoh/main.py: Using EditorConfig core...
xixianteoh/main.py: Using EditorConfig core...
xixianteoh/main.py: Using EditorConfig core...
xixianteoh/main.py: Using EditorConfig core...
xixianteoh/main.py: Using EditorConfig core...
xixianteoh/main.py: Using EditorConfig core...
xixianteoh/main.py: Using EditorConfig core...
xixianteoh/main.py: Using EditorConfig core...
xixianteoh/main.py: {"tabSize":4,"indentSize":4,"insertSpaces":true,"cursorStyle":1,"lineNumbers":1}
xixianteoh/main.py: {"tabSize":4,"indentSize":4,"insertSpaces":true,"cursorStyle":1,"lineNumbers":1}
xixianteoh/main.py: {"tabSize":4,"indentSize":4,"insertSpaces":true,"cursorStyle":1,"lineNumbers":1}
xixianteoh/main.py: {"tabSize":4,"indentSize":4,"insertSpaces":true,"cursorStyle":1,"lineNumbers":1}
xixianteoh/main.py: {"tabSize":4,"indentSize":4,"insertSpaces":true,"cursorStyle":1,"lineNumbers":1}
xixianteoh/main.py: {"tabSize":4,"indentSize":4,"insertSpaces":true,"cursorStyle":1,"lineNumbers":1}
xixianteoh/main.py: {"tabSize":4,"indentSize":4,"insertSpaces":true,"cursorStyle":1,"lineNumbers":1}
xixianteoh/main.py: {"tabSize":4,"indentSize":4,"insertSpaces":true,"cursorStyle":1,"lineNumbers":1}
xixianteoh/main.py: {"tabSize":4,"indentSize":4,"insertSpaces":true,"cursorStyle":1,"lineNumbers":1}
xixianteoh/main.py: {"tabSize":4,"indentSize":4,"insertSpaces":true,"cursorStyle":1,"lineNumbers":1}
xixianteoh/main.py: {"tabSize":4,"indentSize":4,"insertSpaces":true,"cursorStyle":1,"lineNumbers":1}
xixianteoh/main.py: {"tabSize":4,"indentSize":4,"insertSpaces":true,"cursorStyle":1,"lineNumbers":1}
xixianteoh/.gitignore: {"tabSize":4,"indentSize":4,"insertSpaces":true,"cursorStyle":1,"lineNumbers":1}
xixianteoh/.gitignore: {"tabSize":4,"indentSize":4,"insertSpaces":true,"cursorStyle":1,"lineNumbers":1}
xixianteoh/.gitignore: Using EditorConfig core...
xixianteoh/.gitignore: Using EditorConfig core...
xixianteoh/.env: {"tabSize":4,"indentSize":4,"insertSpaces":true,"cursorStyle":1,"lineNumbers":1}
xixianteoh/.env: {"tabSize":4,"indentSize":4,"insertSpaces":true,"cursorStyle":1,"lineNumbers":1}
xixianteoh/index.html: {"tabSize":4,"indentSize":4,"insertSpaces":true,"cursorStyle":1,"lineNumbers":1}
xixianteoh/index.html: {"tabSize":4,"indentSize":4,"insertSpaces":true,"cursorStyle":1,"lineNumbers":1}
xixianteoh/index.html: Using EditorConfig core...
xixianteoh/index.html: Using EditorConfig core...
xixianteoh/index.html: {"tabSize":4,"indentSize":4,"insertSpaces":true,"cursorStyle":1,"lineNumbers":1}
xixianteoh/index.html: {"tabSize":4,"indentSize":4,"insertSpaces":true,"cursorStyle":1,"lineNumbers":1}
xixianteoh/index.html: {"tabSize":4,"indentSize":4,"insertSpaces":true,"cursorStyle":1,"lineNumbers":1}
xixianteoh/index.html: {"tabSize":4,"indentSize":4,"insertSpaces":true,"cursorStyle":1,"lineNumbers":1}
xixianteoh/index.html: {"tabSize":4,"indentSize":4,"insertSpaces":true,"cursorStyle":1,"lineNumbers":1}
xixianteoh/index.html: {"tabSize":4,"indentSize":4,"insertSpaces":true,"cursorStyle":1,"lineNumbers":1}
xixianteoh/index.html: {"tabSize":4,"indentSize":4,"insertSpaces":true,"cursorStyle":1,"lineNumbers":1}
xixianteoh/index.html: {"tabSize":4,"indentSize":4,"insertSpaces":true,"cursorStyle":1,"lineNumbers":1}
xixianteoh/awasbot-project/Dockerfile: {"tabSize":4,"indentSize":4,"insertSpaces":true,"cursorStyle":1,"lineNumbers":1}
xixianteoh/awasbot-project/Dockerfile: {"tabSize":4,"indentSize":4,"insertSpaces":true,"cursorStyle":1,"lineNumbers":1}
xixianteoh/awasbot-project/Dockerfile: {"tabSize":4,"indentSize":4,"insertSpaces":true,"cursorStyle":1,"lineNumbers":1}
xixianteoh/awasbot-project/Dockerfile: {"tabSize":4,"indentSize":4,"insertSpaces":true,"cursorStyle":1,"lineNumbers":1}
xixianteoh/awasbot-project/Dockerfile: {"tabSize":4,"indentSize":4,"insertSpaces":true,"cursorStyle":1,"lineNumbers":1}
xixianteoh/awasbot-project/Dockerfile: {"tabSize":4,"indentSize":4,"insertSpaces":true,"cursorStyle":1,"lineNumbers":1}
xixianteoh/awasbot-project/Dockerfile: {"tabSize":4,"indentSize":4,"insertSpaces":true,"cursorStyle":1,"lineNumbers":1}
xixianteoh/awasbot-project/Dockerfile: {"tabSize":4,"indentSize":4,"insertSpaces":true,"cursorStyle":1,"lineNumbers":1}
xixianteoh/awasbot-project/Dockerfile: {"tabSize":4,"indentSize":4,"insertSpaces":true,"cursorStyle":1,"lineNumbers":1}
xixianteoh/awasbot-project/Dockerfile: {"tabSize":4,"indentSize":4,"insertSpaces":true,"cursorStyle":1,"lineNumbers":1}
xixianteoh/awasbot-project/Dockerfile: {"tabSize":4,"indentSize":4,"insertSpaces":true,"cursorStyle":1,"lineNumbers":1}
xixianteoh/awasbot-project/Dockerfile: {"tabSize":4,"indentSize":4,"insertSpaces":true,"cursorStyle":1,"lineNumbers":1}
xixianteoh/awasbot-project/Dockerfile: {"tabSize":4,"indentSize":4,"insertSpaces":true,"cursorStyle":1,"lineNumbers":1}
xixianteoh/awasbot-project/Dockerfile: {"tabSize":4,"indentSize":4,"insertSpaces":true,"cursorStyle":1,"lineNumbers":1}
xixianteoh/awasbot-project/Dockerfile: {"tabSize":4,"indentSize":4,"insertSpaces":true,"cursorStyle":1,"lineNumbers":1}
xixianteoh/awasbot-project/Dockerfile: {"tabSize":4,"indentSize":4,"insertSpaces":true,"cursorStyle":1,"lineNumbers":1}
xixianteoh/awasbot-project/Dockerfile: {"tabSize":4,"indentSize":4,"insertSpaces":true,"cursorStyle":1,"lineNumbers":1}
xixianteoh/awasbot-project/Dockerfile: {"tabSize":4,"indentSize":4,"insertSpaces":true,"cursorStyle":1,"lineNumbers":1}
xixianteoh/awasbot-project/Dockerfile: {"tabSize":4,"indentSize":4,"insertSpaces":true,"cursorStyle":1,"lineNumbers":1}
xixianteoh/awasbot-project/Dockerfile: {"tabSize":4,"indentSize":4,"insertSpaces":true,"cursorStyle":1,"lineNumbers":1}
xixianteoh/awasbot-project/Dockerfile: {"tabSize":4,"indentSize":4,"insertSpaces":true,"cursorStyle":1,"lineNumbers":1}
xixianteoh/awasbot-project/Dockerfile: {"tabSize":4,"indentSize":4,"insertSpaces":true,"cursorStyle":1,"lineNumbers":1}
xixianteoh/awasbot-project/Dockerfile: {"tabSize":4,"indentSize":4,"insertSpaces":true,"cursorStyle":1,"lineNumbers":1}
xixianteoh/awasbot-project/Dockerfile: {"tabSize":4,"indentSize":4,"insertSpaces":true,"cursorStyle":1,"lineNumbers":1}
xixianteoh/awasbot-project/Dockerfile: {"tabSize":4,"indentSize":4,"insertSpaces":true,"cursorStyle":1,"lineNumbers":1}
xixianteoh/awasbot-project/Dockerfile: {"tabSize":4,"indentSize":4,"insertSpaces":true,"cursorStyle":1,"lineNumbers":1}
xixianteoh/awasbot-project/Dockerfile: {"tabSize":4,"indentSize":4,"insertSpaces":true,"cursorStyle":1,"lineNumbers":1}
xixianteoh/awasbot-project/Dockerfile: {"tabSize":4,"indentSize":4,"insertSpaces":true,"cursorStyle":1,"lineNumbers":1}
xixianteoh/awasbot-project/Dockerfile: {"tabSize":4,"indentSize":4,"insertSpaces":true,"cursorStyle":1,"lineNumbers":1}
xixianteoh/awasbot-project/Dockerfile: {"tabSize":4,"indentSize":4,"insertSpaces":true,"cursorStyle":1,"lineNumbers":1}
xixianteoh/main.py: {"tabSize":4,"indentSize":4,"insertSpaces":true,"cursorStyle":1,"lineNumbers":1}
xixianteoh/.env: {"tabSize":4,"indentSize":4,"insertSpaces":true,"cursorStyle":1,"lineNumbers":1}
xixianteoh/.env: {"tabSize":4,"indentSize":4,"insertSpaces":true,"cursorStyle":1,"lineNumbers":1}
xixianteoh/.env: {"tabSize":4,"indentSize":4,"insertSpaces":true,"cursorStyle":1,"lineNumbers":1}
xixianteoh/.env: {"tabSize":4,"indentSize":4,"insertSpaces":true,"cursorStyle":1,"lineNumbers":1}
xixianteoh/awasbot-project/Dockerfile: {"tabSize":4,"indentSize":4,"insertSpaces":true,"cursorStyle":1,"lineNumbers":1}
xixianteoh/requirements.txt: {"tabSize":4,"indentSize":4,"insertSpaces":true,"cursorStyle":1,"lineNumbers":1}
xixianteoh/awasbot-project/main.py: {"tabSize":4,"indentSize":4,"insertSpaces":true,"cursorStyle":1,"lineNumbers":1}
xixianteoh/awasbot-project/main.py: Using EditorConfig core...
xixianteoh/awasbot-project/main.py: {"tabSize":4,"indentSize":4,"insertSpaces":true,"cursorStyle":1,"lineNumbers":1}
xixianteoh/awasbot-project/main.py: Using EditorConfig core...
xixianteoh/awasbot-project/main.py: {"tabSize":4,"indentSize":4,"insertSpaces":true,"cursorStyle":1,"lineNumbers":1}
xixianteoh/awasbot-project/main.py: Using EditorConfig core...
xixianteoh/awasbot-project/main.py: {"tabSize":4,"indentSize":4,"insertSpaces":true,"cursorStyle":1,"lineNumbers":1}
xixianteoh/awasbot-project/main.py: {"tabSize":4,"indentSize":4,"insertSpaces":true,"cursorStyle":1,"lineNumbers":1}
xixianteoh/awasbot-project/main.py: Using EditorConfig core...
xixianteoh/awasbot-project/main.py: {"tabSize":4,"indentSize":4,"insertSpaces":true,"cursorStyle":1,"lineNumbers":1}
xixianteoh/awasbot-project/main.py: Using EditorConfig core...
xixianteoh/awasbot-project/main.py: Using EditorConfig core...
xixianteoh/awasbot-project/main.py: {"tabSize":4,"indentSize":4,"insertSpaces":true,"cursorStyle":1,"lineNumbers":1}
xixianteoh/awasbot-project/main.py: Using EditorConfig core...
xixianteoh/awasbot-project/main.py: Using EditorConfig core...
xixianteoh/awasbot-project/main.py: {"tabSize":4,"indentSize":4,"insertSpaces":true,"cursorStyle":1,"lineNumbers":1}
xixianteoh/awasbot-project/main.py: {"tabSize":4,"indentSize":4,"insertSpaces":true,"cursorStyle":1,"lineNumbers":1}
xixianteoh/awasbot-project/main.py: {"tabSize":4,"indentSize":4,"insertSpaces":true,"cursorStyle":1,"lineNumbers":1}
xixianteoh/awasbot-project/main.py: Using EditorConfig core...
xixianteoh/awasbot-project/main.py: Using EditorConfig core...
xixianteoh/awasbot-project/main.py: Using EditorConfig core...
xixianteoh/awasbot-project/main.py: Using EditorConfig core...
xixianteoh/awasbot-project/main.py: {"tabSize":4,"indentSize":4,"insertSpaces":true,"cursorStyle":1,"lineNumbers":1}
xixianteoh/awasbot-project/main.py: Using EditorConfig core...
xixianteoh/awasbot-project/main.py: Using EditorConfig core...
xixianteoh/awasbot-project/main.py: Using EditorConfig core...
xixianteoh/awasbot-project/main.py: {"tabSize":4,"indentSize":4,"insertSpaces":true,"cursorStyle":1,"lineNumbers":1}
xixianteoh/awasbot-project/main.py: {"tabSize":4,"indentSize":4,"insertSpaces":true,"cursorStyle":1,"lineNumbers":1}
xixianteoh/awasbot-project/main.py: {"tabSize":4,"indentSize":4,"insertSpaces":true,"cursorStyle":1,"lineNumbers":1}
xixianteoh/awasbot-project/main.py: Using EditorConfig core...
xixianteoh/awasbot-project/main.py: Using EditorConfig core...
xixianteoh/awasbot-project/main.py: Using EditorConfig core...
xixianteoh/awasbot-project/main.py: {"tabSize":4,"indentSize":4,"insertSpaces":true,"cursorStyle":1,"lineNumbers":1}
xixianteoh/awasbot-project/main.py: {"tabSize":4,"indentSize":4,"insertSpaces":true,"cursorStyle":1,"lineNumbers":1}
xixianteoh/awasbot-project/main.py: Using EditorConfig core...
xixianteoh/awasbot-project/main.py: {"tabSize":4,"indentSize":4,"insertSpaces":true,"cursorStyle":1,"lineNumbers":1}
xixianteoh/awasbot-project/main.py: {"tabSize":4,"indentSize":4,"insertSpaces":true,"cursorStyle":1,"lineNumbers":1}
xixianteoh/awasbot-project/main.py: {"tabSize":4,"indentSize":4,"insertSpaces":true,"cursorStyle":1,"lineNumbers":1}
xixianteoh/awasbot-project/requirements.txt: {"tabSize":4,"indentSize":4,"insertSpaces":true,"cursorStyle":1,"lineNumbers":1}
xixianteoh/awasbot-project/main.py: {"tabSize":4,"indentSize":4,"insertSpaces":true,"cursorStyle":1,"lineNumbers":1}
xixianteoh/awasbot-project/requirements.txt: Using EditorConfig core...
xixianteoh/awasbot-project/requirements.txt: {"tabSize":4,"indentSize":4,"insertSpaces":true,"cursorStyle":1,"lineNumbers":1}
xixianteoh/awasbot-project/main.py: {"tabSize":4,"indentSize":4,"insertSpaces":true,"cursorStyle":1,"lineNumbers":1}
xixianteoh/awasbot-project/main.py: {"tabSize":4,"indentSize":4,"insertSpaces":true,"cursorStyle":1,"lineNumbers":1}
xixianteoh/awasbot-project/main.py: {"tabSize":4,"indentSize":4,"insertSpaces":true,"cursorStyle":1,"lineNumbers":1}
xixianteoh/awasbot-project/main.py: Using EditorConfig core...
xixianteoh/awasbot-project/main.py: {"tabSize":4,"indentSize":4,"insertSpaces":true,"cursorStyle":1,"lineNumbers":1}
xixianteoh/awasbot-project/index.html: {"tabSize":4,"indentSize":4,"insertSpaces":true,"cursorStyle":1,"lineNumbers":1}
xixianteoh/awasbot-project/index.html: Using EditorConfig core...
xixianteoh/awasbot-project/index.html: {"tabSize":4,"indentSize":4,"insertSpaces":true,"cursorStyle":1,"lineNumbers":1}
xixianteoh/awasbot-project/main.py: {"tabSize":4,"indentSize":4,"insertSpaces":true,"cursorStyle":1,"lineNumbers":1}
xixianteoh/awasbot-project/main.py: Using EditorConfig core...
xixianteoh/awasbot-project/index.html: {"tabSize":4,"indentSize":4,"insertSpaces":true,"cursorStyle":1,"lineNumbers":1}
xixianteoh/awasbot-project/index.html: Using EditorConfig core...
