2026-02-24 08:25:37.580 [warning] Dir "/home/xixianteoh/.pixi/envs" is not watchable (directory does not exist)
2026-02-24 08:25:45.899 [info] Skipping ActivatedEnv Detection:  process.env.VSCODE_CLI !== '1'
2026-02-24 08:25:45.906 [info] Python interpreter path: /bin/python
2026-02-24 08:25:46.586 [info] > pyenv which python
2026-02-24 08:25:46.586 [info] cwd: .
2026-02-24 08:25:47.891 [info] Starting Jedi language server for xixianteoh.
2026-02-24 08:45:25.424 [info] Discover tests for workspace name: xixianteoh - uri: /home/xixianteoh/main.py
2026-02-24 08:46:50.536 [info] Discover tests for workspace name: xixianteoh - uri: /home/xixianteoh/main.py
2026-02-24 08:47:08.747 [info] Discover tests for workspace name: xixianteoh - uri: /home/xixianteoh/main.py
2026-02-24 09:00:15.283 [info] Discover tests for workspace name: xixianteoh - uri: /home/xixianteoh/main.py
2026-02-24 09:00:17.153 [info] Discover tests for workspace name: xixianteoh - uri: /home/xixianteoh/main.py
2026-02-24 09:00:27.946 [info] Discover tests for workspace name: xixianteoh - uri: /home/xixianteoh/main.py
2026-02-24 09:00:36.278 [info] Discover tests for workspace name: xixianteoh - uri: /home/xixianteoh/main.py
2026-02-24 09:00:51.710 [info] Discover tests for workspace name: xixianteoh - uri: /home/xixianteoh/main.py
2026-02-24 09:00:53.369 [info] Discover tests for workspace name: xixianteoh - uri: /home/xixianteoh/main.py
2026-02-24 09:03:24.569 [info] Discover tests for workspace name: xixianteoh - uri: /home/xixianteoh/main.py
2026-02-24 09:13:59.760 [info] Discover tests for workspace name: xixianteoh - uri: /home/xixianteoh/main.py
2026-02-24 09:14:03.286 [info] Discover tests for workspace name: xixianteoh - uri: /home/xixianteoh/main.py
2026-02-24 09:21:51.096 [info] Discover tests for workspace name: xixianteoh - uri: /home/xixianteoh/main.py
2026-02-24 09:24:25.127 [info] Discover tests for workspace name: xixianteoh - uri: /home/xixianteoh/main.py
2026-02-24 09:24:27.171 [info] Discover tests for workspace name: xixianteoh - uri: /home/xixianteoh/main.py
2026-02-24 09:24:32.628 [info] Discover tests for workspace name: xixianteoh - uri: /home/xixianteoh/main.py
