2026-02-24 08:19:01.261 [info] [main] Log level: Info
2026-02-24 08:19:01.261 [info] [main] Validating found git in: "git"
2026-02-24 08:19:01.261 [info] [main] Using git "2.43.0" from "git"
2026-02-24 08:19:01.261 [info] [Model][doInitialScan] Initial repository scan started
2026-02-24 08:19:01.261 [info] > git rev-parse --show-toplevel [3ms]
2026-02-24 08:19:01.261 [info] fatal: not a git repository (or any parent up to mount point /)
Stopping at filesystem boundary (GIT_DISCOVERY_ACROSS_FILESYSTEM not set).
2026-02-24 08:19:01.262 [info] > git rev-parse --show-toplevel [2ms]
2026-02-24 08:19:01.262 [info] fatal: not a git repository (or any parent up to mount point /)
Stopping at filesystem boundary (GIT_DISCOVERY_ACROSS_FILESYSTEM not set).
2026-02-24 08:19:01.267 [info] > git rev-parse --show-toplevel [2ms]
2026-02-24 08:19:01.267 [info] fatal: not a git repository (or any parent up to mount point /)
Stopping at filesystem boundary (GIT_DISCOVERY_ACROSS_FILESYSTEM not set).
2026-02-24 08:19:01.272 [info] > git rev-parse --show-toplevel [2ms]
2026-02-24 08:19:01.272 [info] fatal: not a git repository (or any parent up to mount point /)
Stopping at filesystem boundary (GIT_DISCOVERY_ACROSS_FILESYSTEM not set).
2026-02-24 08:19:01.277 [info] > git rev-parse --show-toplevel [1ms]
2026-02-24 08:19:01.277 [info] fatal: not a git repository (or any parent up to mount point /)
Stopping at filesystem boundary (GIT_DISCOVERY_ACROSS_FILESYSTEM not set).
2026-02-24 08:19:01.281 [info] > git rev-parse --show-toplevel [2ms]
2026-02-24 08:19:01.281 [info] fatal: not a git repository (or any parent up to mount point /)
Stopping at filesystem boundary (GIT_DISCOVERY_ACROSS_FILESYSTEM not set).
2026-02-24 08:19:01.286 [info] > git rev-parse --show-toplevel [2ms]
2026-02-24 08:19:01.286 [info] fatal: not a git repository (or any parent up to mount point /)
Stopping at filesystem boundary (GIT_DISCOVERY_ACROSS_FILESYSTEM not set).
2026-02-24 08:19:01.290 [info] > git rev-parse --show-toplevel [2ms]
2026-02-24 08:19:01.290 [info] fatal: not a git repository (or any parent up to mount point /)
Stopping at filesystem boundary (GIT_DISCOVERY_ACROSS_FILESYSTEM not set).
2026-02-24 08:19:01.290 [info] [Model][doInitialScan] Initial repository scan completed - repositories (0), closed repositories (0), parent repositories (0), unsafe repositories (0)
2026-02-24 08:19:04.316 [info] > git rev-parse --show-toplevel [1ms]
2026-02-24 08:19:04.316 [info] fatal: not a git repository (or any parent up to mount point /)
Stopping at filesystem boundary (GIT_DISCOVERY_ACROSS_FILESYSTEM not set).
2026-02-24 08:19:07.202 [info] > git rev-parse --show-toplevel [23ms]
2026-02-24 08:19:07.202 [info] fatal: not a git repository (or any parent up to mount point /)
Stopping at filesystem boundary (GIT_DISCOVERY_ACROSS_FILESYSTEM not set).
2026-02-24 08:19:57.444 [info] > git rev-parse --show-toplevel [7ms]
2026-02-24 08:19:57.445 [info] fatal: not a git repository (or any parent up to mount point /)
Stopping at filesystem boundary (GIT_DISCOVERY_ACROSS_FILESYSTEM not set).
2026-02-24 08:19:57.918 [info] > git rev-parse --show-toplevel [4ms]
2026-02-24 08:19:57.918 [info] fatal: not a git repository (or any parent up to mount point /)
Stopping at filesystem boundary (GIT_DISCOVERY_ACROSS_FILESYSTEM not set).
2026-02-24 08:19:59.748 [info] > git rev-parse --show-toplevel [8ms]
2026-02-24 08:19:59.748 [info] fatal: not a git repository (or any parent up to mount point /)
Stopping at filesystem boundary (GIT_DISCOVERY_ACROSS_FILESYSTEM not set).
2026-02-24 08:23:09.084 [info] > git rev-parse --show-toplevel [7ms]
2026-02-24 08:23:09.084 [info] fatal: not a git repository (or any parent up to mount point /)
Stopping at filesystem boundary (GIT_DISCOVERY_ACROSS_FILESYSTEM not set).
2026-02-24 08:24:11.545 [info] > git rev-parse --show-toplevel [4ms]
2026-02-24 08:24:11.546 [info] fatal: not a git repository (or any parent up to mount point /)
Stopping at filesystem boundary (GIT_DISCOVERY_ACROSS_FILESYSTEM not set).
