Initializing document watcher...
Document watcher initialized
xixianteoh/Dockerfile: {"tabSize":4,"indentSize":4,"insertSpaces":true,"cursorStyle":1,"lineNumbers":1}
xixianteoh/Dockerfile: {"tabSize":4,"indentSize":4,"insertSpaces":true,"cursorStyle":1,"lineNumbers":1}
xixianteoh/Dockerfile: {"tabSize":4,"indentSize":4,"insertSpaces":true,"cursorStyle":1,"lineNumbers":1}
xixianteoh/Dockerfile: {"tabSize":4,"indentSize":4,"insertSpaces":true,"cursorStyle":1,"lineNumbers":1}
xixianteoh/Dockerfile: {"tabSize":4,"indentSize":4,"insertSpaces":true,"cursorStyle":1,"lineNumbers":1}
xixianteoh/Dockerfile: {"tabSize":4,"indentSize":4,"insertSpaces":true,"cursorStyle":1,"lineNumbers":1}
xixianteoh/Dockerfile: {"tabSize":4,"indentSize":4,"insertSpaces":true,"cursorStyle":1,"lineNumbers":1}
xixianteoh/Dockerfile: {"tabSize":4,"indentSize":4,"insertSpaces":true,"cursorStyle":1,"lineNumbers":1}
xixianteoh/Dockerfile: {"tabSize":4,"indentSize":4,"insertSpaces":true,"cursorStyle":1,"lineNumbers":1}
xixianteoh/Dockerfile: {"tabSize":4,"indentSize":4,"insertSpaces":true,"cursorStyle":1,"lineNumbers":1}
xixianteoh/Dockerfile: {"tabSize":4,"indentSize":4,"insertSpaces":true,"cursorStyle":1,"lineNumbers":1}
xixianteoh/Dockerfile: {"tabSize":4,"indentSize":4,"insertSpaces":true,"cursorStyle":1,"lineNumbers":1}
xixianteoh/Dockerfile: Using EditorConfig core...
xixianteoh/Dockerfile: Using EditorConfig core...
xixianteoh/Dockerfile: {"tabSize":4,"indentSize":4,"insertSpaces":true,"cursorStyle":1,"lineNumbers":1}
xixianteoh/Dockerfile: {"tabSize":4,"indentSize":4,"insertSpaces":true,"cursorStyle":1,"lineNumbers":1}
xixianteoh/Dockerfile: {"tabSize":4,"indentSize":4,"insertSpaces":true,"cursorStyle":1,"lineNumbers":1}
xixianteoh/Dockerfile: {"tabSize":4,"indentSize":4,"insertSpaces":true,"cursorStyle":1,"lineNumbers":1}
xixianteoh/Dockerfile: {"tabSize":4,"indentSize":4,"insertSpaces":true,"cursorStyle":1,"lineNumbers":1}
xixianteoh/Dockerfile: {"tabSize":4,"indentSize":4,"insertSpaces":true,"cursorStyle":1,"lineNumbers":1}
xixianteoh/Dockerfile: {"tabSize":4,"indentSize":4,"insertSpaces":true,"cursorStyle":1,"lineNumbers":1}
No more open editors.
xixianteoh/main.py: {"tabSize":4,"indentSize":4,"insertSpaces":true,"cursorStyle":1,"lineNumbers":1}
xixianteoh/main.py: {"tabSize":4,"indentSize":4,"insertSpaces":true,"cursorStyle":1,"lineNumbers":1}
xixianteoh/main.py: {"tabSize":4,"indentSize":4,"insertSpaces":true,"cursorStyle":1,"lineNumbers":1}
xixianteoh/main.py: {"tabSize":4,"indentSize":4,"insertSpaces":true,"cursorStyle":1,"lineNumbers":1}
xixianteoh/main.py: {"tabSize":4,"indentSize":4,"insertSpaces":true,"cursorStyle":1,"lineNumbers":1}
xixianteoh/main.py: Using EditorConfig core...
xixianteoh/main.py: Using EditorConfig core...
xixianteoh/main.py: {"tabSize":4,"indentSize":4,"insertSpaces":true,"cursorStyle":1,"lineNumbers":1}
xixianteoh/main.py: {"tabSize":4,"indentSize":4,"insertSpaces":true,"cursorStyle":1,"lineNumbers":1}
xixianteoh/main.py: Using EditorConfig core...
xixianteoh/main.py: {"tabSize":4,"indentSize":4,"insertSpaces":true,"cursorStyle":1,"lineNumbers":1}
xixianteoh/main.py: {"tabSize":4,"indentSize":4,"insertSpaces":true,"cursorStyle":1,"lineNumbers":1}
xixianteoh/main.py: {"tabSize":4,"indentSize":4,"insertSpaces":true,"cursorStyle":1,"lineNumbers":1}
xixianteoh/main.py: {"tabSize":4,"indentSize":4,"insertSpaces":true,"cursorStyle":1,"lineNumbers":1}
xixianteoh/main.py: Using EditorConfig core...
xixianteoh/main.py: Using EditorConfig core...
xixianteoh/main.py: Using EditorConfig core...
xixianteoh/main.py: Using EditorConfig core...
xixianteoh/main.py: Using EditorConfig core...
xixianteoh/main.py: Using EditorConfig core...
xixianteoh/main.py: {"tabSize":4,"indentSize":4,"insertSpaces":true,"cursorStyle":1,"lineNumbers":1}
xixianteoh/main.py: {"tabSize":4,"indentSize":4,"insertSpaces":true,"cursorStyle":1,"lineNumbers":1}
xixianteoh/main.py: {"tabSize":4,"indentSize":4,"insertSpaces":true,"cursorStyle":1,"lineNumbers":1}
xixianteoh/main.py: {"tabSize":4,"indentSize":4,"insertSpaces":true,"cursorStyle":1,"lineNumbers":1}
xixianteoh/main.py: Using EditorConfig core...
xixianteoh/main.py: {"tabSize":4,"indentSize":4,"insertSpaces":true,"cursorStyle":1,"lineNumbers":1}
xixianteoh/main.py: {"tabSize":4,"indentSize":4,"insertSpaces":true,"cursorStyle":1,"lineNumbers":1}
xixianteoh/main.py: {"tabSize":4,"indentSize":4,"insertSpaces":true,"cursorStyle":1,"lineNumbers":1}
xixianteoh/main.py: {"tabSize":4,"indentSize":4,"insertSpaces":true,"cursorStyle":1,"lineNumbers":1}
xixianteoh/main.py: Using EditorConfig core...
xixianteoh/main.py: Using EditorConfig core...
xixianteoh/main.py: {"tabSize":4,"indentSize":4,"insertSpaces":true,"cursorStyle":1,"lineNumbers":1}
xixianteoh/main.py: {"tabSize":4,"indentSize":4,"insertSpaces":true,"cursorStyle":1,"lineNumbers":1}
xixianteoh/main.py: {"tabSize":4,"indentSize":4,"insertSpaces":true,"cursorStyle":1,"lineNumbers":1}
xixianteoh/main.py: {"tabSize":4,"indentSize":4,"insertSpaces":true,"cursorStyle":1,"lineNumbers":1}
xixianteoh/main.py: {"tabSize":4,"indentSize":4,"insertSpaces":true,"cursorStyle":1,"lineNumbers":1}
xixianteoh/main.py: Using EditorConfig core...
xixianteoh/main.py: {"tabSize":4,"indentSize":4,"insertSpaces":true,"cursorStyle":1,"lineNumbers":1}
xixianteoh/main.py: {"tabSize":4,"indentSize":4,"insertSpaces":true,"cursorStyle":1,"lineNumbers":1}
xixianteoh/main.py: {"tabSize":4,"indentSize":4,"insertSpaces":true,"cursorStyle":1,"lineNumbers":1}
xixianteoh/main.py: {"tabSize":4,"indentSize":4,"insertSpaces":true,"cursorStyle":1,"lineNumbers":1}
xixianteoh/main.py: {"tabSize":4,"indentSize":4,"insertSpaces":true,"cursorStyle":1,"lineNumbers":1}
xixianteoh/main.py: Using EditorConfig core...
xixianteoh/main.py: Using EditorConfig core...
xixianteoh/main.py: Using EditorConfig core...
xixianteoh/main.py: {"tabSize":4,"indentSize":4,"insertSpaces":true,"cursorStyle":1,"lineNumbers":1}
xixianteoh/main.py: {"tabSize":4,"indentSize":4,"insertSpaces":true,"cursorStyle":1,"lineNumbers":1}
xixianteoh/main.py: {"tabSize":4,"indentSize":4,"insertSpaces":true,"cursorStyle":1,"lineNumbers":1}
xixianteoh/main.py: {"tabSize":4,"indentSize":4,"insertSpaces":true,"cursorStyle":1,"lineNumbers":1}
xixianteoh/main.py: {"tabSize":4,"indentSize":4,"insertSpaces":true,"cursorStyle":1,"lineNumbers":1}
xixianteoh/main.py: {"tabSize":4,"indentSize":4,"insertSpaces":true,"cursorStyle":1,"lineNumbers":1}
xixianteoh/main.py: {"tabSize":4,"indentSize":4,"insertSpaces":true,"cursorStyle":1,"lineNumbers":1}
xixianteoh/main.py: {"tabSize":4,"indentSize":4,"insertSpaces":true,"cursorStyle":1,"lineNumbers":1}
xixianteoh/main.py: {"tabSize":4,"indentSize":4,"insertSpaces":true,"cursorStyle":1,"lineNumbers":1}
xixianteoh/main.py: {"tabSize":4,"indentSize":4,"insertSpaces":true,"cursorStyle":1,"lineNumbers":1}
xixianteoh/main.py: {"tabSize":4,"indentSize":4,"insertSpaces":true,"cursorStyle":1,"lineNumbers":1}
xixianteoh/main.py: {"tabSize":4,"indentSize":4,"insertSpaces":true,"cursorStyle":1,"lineNumbers":1}
xixianteoh/main.py: {"tabSize":4,"indentSize":4,"insertSpaces":true,"cursorStyle":1,"lineNumbers":1}
xixianteoh/main.py: {"tabSize":4,"indentSize":4,"insertSpaces":true,"cursorStyle":1,"lineNumbers":1}
xixianteoh/main.py: {"tabSize":4,"indentSize":4,"insertSpaces":true,"cursorStyle":1,"lineNumbers":1}
xixianteoh/main.py: {"tabSize":4,"indentSize":4,"insertSpaces":true,"cursorStyle":1,"lineNumbers":1}
xixianteoh/main.py: {"tabSize":4,"indentSize":4,"insertSpaces":true,"cursorStyle":1,"lineNumbers":1}
xixianteoh/main.py: {"tabSize":4,"indentSize":4,"insertSpaces":true,"cursorStyle":1,"lineNumbers":1}
xixianteoh/main.py: {"tabSize":4,"indentSize":4,"insertSpaces":true,"cursorStyle":1,"lineNumbers":1}
xixianteoh/main.py: {"tabSize":4,"indentSize":4,"insertSpaces":true,"cursorStyle":1,"lineNumbers":1}
xixianteoh/main.py: {"tabSize":4,"indentSize":4,"insertSpaces":true,"cursorStyle":1,"lineNumbers":1}
xixianteoh/main.py: {"tabSize":4,"indentSize":4,"insertSpaces":true,"cursorStyle":1,"lineNumbers":1}
xixianteoh/main.py: {"tabSize":4,"indentSize":4,"insertSpaces":true,"cursorStyle":1,"lineNumbers":1}
xixianteoh/main.py: {"tabSize":4,"indentSize":4,"insertSpaces":true,"cursorStyle":1,"lineNumbers":1}
xixianteoh/main.py: {"tabSize":4,"indentSize":4,"insertSpaces":true,"cursorStyle":1,"lineNumbers":1}
xixianteoh/main.py: {"tabSize":4,"indentSize":4,"insertSpaces":true,"cursorStyle":1,"lineNumbers":1}
xixianteoh/main.py: {"tabSize":4,"indentSize":4,"insertSpaces":true,"cursorStyle":1,"lineNumbers":1}
