2026-02-24 14:49:37.844 [info] Reading sessions from keychain...
2026-02-24 14:49:37.844 [info] Getting sessions for all scopes...
2026-02-24 14:49:37.844 [info] Got 0 sessions for ...
2026-02-24 14:49:37.844 [info] Getting sessions for all scopes...
2026-02-24 14:49:37.844 [info] Got 0 sessions for ...
2026-02-24 14:49:37.900 [info] Getting sessions for read:user,repo,user:email,workflow...
2026-02-24 14:49:37.900 [info] Got 0 sessions for read:user,repo,user:email,workflow...
2026-02-24 14:49:41.019 [info] Getting sessions for all scopes...
2026-02-24 14:49:41.019 [info] Got 0 sessions for ...
2026-02-24 14:49:41.019 [info] Getting sessions for all scopes...
2026-02-24 14:49:41.019 [info] Got 0 sessions for ...
2026-02-24 14:49:41.020 [info] Getting sessions for all scopes...
2026-02-24 14:49:41.020 [info] Got 0 sessions for ...
2026-02-24 14:57:22.008 [info] Getting sessions for read:user,repo,user:email,workflow...
2026-02-24 14:57:22.008 [info] Got 0 sessions for read:user,repo,user:email,workflow...
2026-02-24 14:57:24.032 [info] Logging in with 'any' account...
2026-02-24 14:57:24.032 [info] Logging in for the following scopes: read:user repo user:email workflow
2026-02-24 14:57:24.101 [info] Trying device code flow... (read:user repo user:email workflow)
2026-02-24 14:57:24.501 [info] fetching: Node fetch succeeded (JSON)
2026-02-24 14:57:47.149 [info] Getting user info...
2026-02-24 14:57:47.606 [info] Got account info!
2026-02-24 14:57:47.607 [info] Storing 1 sessions...
2026-02-24 14:57:47.644 [info] Reading sessions from keychain...
2026-02-24 14:57:47.644 [info] Stored 1 sessions!
2026-02-24 14:57:47.644 [info] Login success!
2026-02-24 14:57:47.674 [info] Got stored sessions!
2026-02-24 14:57:47.674 [info] Got 1 verified sessions.
2026-02-24 14:57:47.774 [info] Getting sessions for read:user,repo,user:email,workflow...
2026-02-24 14:57:47.774 [info] Got 1 sessions for read:user,repo,user:email,workflow...
2026-02-24 15:00:20.610 [info] Getting sessions for read:user,repo,user:email,workflow...
2026-02-24 15:00:20.610 [info] Got 1 sessions for read:user,repo,user:email,workflow...
2026-02-24 15:02:34.922 [info] Getting sessions for read:user,repo,user:email,workflow...
2026-02-24 15:02:34.922 [info] Got 1 sessions for read:user,repo,user:email,workflow...
