2026-02-24 13:05:12.577 [info] Reading sessions from keychain...
2026-02-24 13:05:12.577 [info] Getting sessions for all scopes...
2026-02-24 13:05:12.577 [info] Got 0 sessions for ...
2026-02-24 13:05:12.577 [info] Getting sessions for all scopes...
2026-02-24 13:05:12.577 [info] Got 0 sessions for ...
2026-02-24 13:05:12.577 [info] Getting sessions for all scopes...
2026-02-24 13:05:12.577 [info] Got 0 sessions for ...
2026-02-24 13:05:12.577 [info] Getting sessions for all scopes...
2026-02-24 13:05:12.577 [info] Got 0 sessions for ...
2026-02-24 13:05:12.663 [info] Getting sessions for read:user,repo,user:email,workflow...
2026-02-24 13:05:12.663 [info] Got 0 sessions for read:user,repo,user:email,workflow...
2026-02-24 13:05:17.697 [info] Logging in with 'any' account...
2026-02-24 13:05:17.697 [info] Logging in for the following scopes: read:user repo user:email workflow
2026-02-24 13:05:17.754 [info] Trying device code flow... (read:user repo user:email workflow)
2026-02-24 13:05:18.148 [info] fetching: Node fetch succeeded (JSON)
2026-02-24 13:07:39.781 [error] Timed out
2026-02-24 13:10:52.396 [info] Getting sessions for read:user,repo,user:email,workflow...
2026-02-24 13:10:52.397 [info] Got 0 sessions for read:user,repo,user:email,workflow...
2026-02-24 13:10:54.132 [info] Logging in with 'any' account...
2026-02-24 13:10:54.132 [info] Logging in for the following scopes: read:user repo user:email workflow
2026-02-24 13:10:54.160 [info] Trying device code flow... (read:user repo user:email workflow)
2026-02-24 13:11:36.668 [info] Getting user info...
2026-02-24 13:11:37.121 [info] Got account info!
2026-02-24 13:11:37.121 [info] Storing 1 sessions...
2026-02-24 13:11:37.155 [info] Reading sessions from keychain...
2026-02-24 13:11:37.155 [info] Stored 1 sessions!
2026-02-24 13:11:37.155 [info] Login success!
2026-02-24 13:11:37.213 [info] Got stored sessions!
2026-02-24 13:11:37.213 [info] Got 1 verified sessions.
2026-02-24 13:11:37.266 [info] Getting sessions for read:user,repo,user:email,workflow...
2026-02-24 13:11:37.266 [info] Got 1 sessions for read:user,repo,user:email,workflow...
