2026-02-24 11:15:39.852 [warning] Dir "/home/xixianteoh/.pixi/envs" is not watchable (directory does not exist)
2026-02-24 11:15:39.943 [info] Skipping ActivatedEnv Detection:  process.env.VSCODE_CLI !== '1'
2026-02-24 11:15:43.107 [info] Python interpreter path: /bin/python
2026-02-24 11:15:43.592 [info] > pyenv which python
2026-02-24 11:15:43.592 [info] cwd: .
2026-02-24 11:15:46.247 [info] Starting Jedi language server for xixianteoh.
2026-02-24 11:16:53.753 [info] Running installed packages checker:  {
  id: '/bin/python',
  sysPrefix: '/usr',
  envType: 'Global',
  envName: '',
  envPath: '',
  path: '/bin/python',
  architecture: 3,
  sysVersion: '3.12.3 (main, Jan 22 2026, 20:57:42) [GCC 13.3.0]',
  version: {
    raw: '3.12.3',
    major: 3,
    minor: 12,
    patch: 3,
    build: [],
    prerelease: [ 'final', '0' ]
  },
  displayName: 'Python 3.12.3 64-bit',
  detailedDisplayName: 'Python 3.12.3 64-bit',
  type: undefined
} /google/devshell/editor/code-oss-for-cloud-shell/extensions/ms-python.python/python_files/installed_check.py /home/xixianteoh/requirements.txt
2026-02-24 11:16:53.753 [info] > /bin/python /google/devshell/editor/code-oss-for-cloud-shell/extensions/ms-python.python/python_files/installed_check.py ./requirements.txt
2026-02-24 11:21:35.207 [info] Running installed packages checker:  {
  id: '/bin/python',
  sysPrefix: '/usr',
  envType: 'Global',
  envName: '',
  envPath: '',
  path: '/bin/python',
  architecture: 3,
  sysVersion: '3.12.3 (main, Jan 22 2026, 20:57:42) [GCC 13.3.0]',
  version: {
    raw: '3.12.3',
    major: 3,
    minor: 12,
    patch: 3,
    build: [],
    prerelease: [ 'final', '0' ]
  },
  displayName: 'Python 3.12.3 64-bit',
  detailedDisplayName: 'Python 3.12.3 64-bit',
  type: undefined
} /google/devshell/editor/code-oss-for-cloud-shell/extensions/ms-python.python/python_files/installed_check.py /home/xixianteoh/requirements.txt
2026-02-24 11:21:35.207 [info] > /bin/python /google/devshell/editor/code-oss-for-cloud-shell/extensions/ms-python.python/python_files/installed_check.py ./requirements.txt
2026-02-24 11:26:13.124 [info] Discover tests for workspace name: xixianteoh - uri: /home/xixianteoh/main.py
2026-02-24 11:27:19.986 [info] Discover tests for workspace name: xixianteoh - uri: /home/xixianteoh/main.py
2026-02-24 11:43:25.577 [info] Discover tests for workspace name: xixianteoh - uri: /home/xixianteoh/main.py
2026-02-24 11:43:30.436 [info] Discover tests for workspace name: xixianteoh - uri: /home/xixianteoh/main.py
2026-02-24 11:53:46.497 [info] Discover tests for workspace name: xixianteoh - uri: /home/xixianteoh/main.py
2026-02-24 11:53:56.323 [info] Discover tests for workspace name: xixianteoh - uri: /home/xixianteoh/main.py
2026-02-24 11:55:47.314 [info] Discover tests for workspace name: xixianteoh - uri: /home/xixianteoh/main.py
2026-02-24 11:55:49.543 [info] Discover tests for workspace name: xixianteoh - uri: /home/xixianteoh/main.py
2026-02-24 11:55:50.700 [info] Discover tests for workspace name: xixianteoh - uri: /home/xixianteoh/main.py
2026-02-24 11:55:53.054 [info] Discover tests for workspace name: xixianteoh - uri: /home/xixianteoh/main.py
2026-02-24 11:57:11.610 [info] Discover tests for workspace name: xixianteoh - uri: /home/xixianteoh/main.py
2026-02-24 11:57:13.011 [info] Discover tests for workspace name: xixianteoh - uri: /home/xixianteoh/main.py
2026-02-24 11:57:14.365 [info] Discover tests for workspace name: xixianteoh - uri: /home/xixianteoh/main.py
2026-02-24 11:57:17.436 [info] Discover tests for workspace name: xixianteoh - uri: /home/xixianteoh/main.py
