2026-02-24 14:49:37.190 [info] [main] Log level: Info
2026-02-24 14:49:37.190 [info] [main] Validating found git in: "git"
2026-02-24 14:49:37.190 [info] [main] Using git "2.43.0" from "git"
2026-02-24 14:49:37.190 [info] [Model][doInitialScan] Initial repository scan started
2026-02-24 14:49:37.190 [info] > git rev-parse --show-toplevel [3ms]
2026-02-24 14:49:37.190 [info] > git rev-parse --git-dir --git-common-dir --show-superproject-working-tree [8ms]
2026-02-24 14:49:37.190 [info] [Model][openRepository] Opened repository (path): /home/xixianteoh
2026-02-24 14:49:37.190 [info] [Model][openRepository] Opened repository (real path): /home/xixianteoh
2026-02-24 14:49:37.190 [info] [Model][openRepository] Opened repository (kind): repository
2026-02-24 14:49:37.190 [info] > git config --get commit.template [8ms]
2026-02-24 14:49:37.190 [info] > git rev-parse --show-toplevel [6ms]
2026-02-24 14:49:37.190 [info] > git for-each-ref --format=%(refname)%00%(upstream:short)%00%(objectname)%00%(upstream:track)%00%(upstream:remotename)%00%(upstream:remoteref) refs/heads/main refs/remotes/main [9ms]
2026-02-24 14:49:37.190 [info] > git rev-parse --show-toplevel [3ms]
2026-02-24 14:49:37.226 [info] > git status -z -uall [23ms]
2026-02-24 14:49:37.231 [info] > git rev-parse --show-toplevel [36ms]
2026-02-24 14:49:37.239 [info] > git for-each-ref --sort -committerdate --format %(refname)%00%(objectname)%00%(*objectname) [28ms]
2026-02-24 14:49:37.471 [info] > git for-each-ref --format=%(refname)%00%(upstream:short)%00%(objectname)%00%(upstream:track)%00%(upstream:remotename)%00%(upstream:remoteref) refs/heads/main refs/remotes/main [177ms]
2026-02-24 14:49:37.480 [info] > git rev-parse --show-toplevel [242ms]
2026-02-24 14:49:37.611 [info] > git config --get --local branch.main.vscode-merge-base [133ms]
2026-02-24 14:49:37.612 [warning] [Git][config] git config failed: Failed to execute git
2026-02-24 14:49:37.620 [info] > git config --get commit.template [153ms]
2026-02-24 14:49:37.718 [info] > git rev-parse --show-toplevel [108ms]
2026-02-24 14:49:37.753 [info] > git reflog main --grep-reflog=branch: Created from *. [133ms]
2026-02-24 14:49:37.770 [info] > git check-ignore -v -z --stdin [7ms]
2026-02-24 14:49:37.771 [info] > git symbolic-ref --short refs/remotes/origin/HEAD [13ms]
2026-02-24 14:49:37.771 [info] fatal: ref refs/remotes/origin/HEAD is not a symbolic ref
2026-02-24 14:49:37.771 [warning] [Repository][getDefaultBranch] Failed to get default branch details: Failed to execute git.
2026-02-24 14:49:37.776 [info] > git rev-parse --show-toplevel [24ms]
2026-02-24 14:49:37.777 [info] > git for-each-ref --format=%(refname)%00%(upstream:short)%00%(objectname)%00%(upstream:track)%00%(upstream:remotename)%00%(upstream:remoteref) refs/heads/main refs/remotes/main [36ms]
2026-02-24 14:49:37.783 [info] > git merge-base refs/heads/main refs/remotes/origin/main [7ms]
2026-02-24 14:49:37.789 [info] > git rev-parse --show-toplevel [8ms]
2026-02-24 14:49:37.807 [info] > git status -z -uall [11ms]
2026-02-24 14:49:37.807 [info] > git diff --name-status -z --diff-filter=ADMR bf0f12f2d959efa6a76f420271f4acd70fc32663...refs/remotes/origin/main [20ms]
2026-02-24 14:49:37.812 [info] > git rev-parse --show-toplevel [7ms]
2026-02-24 14:49:37.814 [info] [Model][doInitialScan] Initial repository scan completed - repositories (1), closed repositories (0), parent repositories (0), unsafe repositories (0)
2026-02-24 14:49:37.817 [info] > git for-each-ref --sort -committerdate --format %(refname)%00%(objectname)%00%(*objectname) [18ms]
2026-02-24 14:49:44.322 [info] > git check-ignore -v -z --stdin [594ms]
2026-02-24 14:49:44.323 [info] > git show --textconv :awasbot-project/index.html [327ms]
2026-02-24 14:49:44.323 [info] > git ls-files --stage -- awasbot-project/index.html [319ms]
2026-02-24 14:49:44.358 [info] > git cat-file -s 0212428848c9232b65272791b857b8e6bca23a77 [25ms]
2026-02-24 14:49:44.805 [info] > git blame --root --incremental bf0f12f2d959efa6a76f420271f4acd70fc32663 -- awasbot-project/index.html [8ms]
2026-02-24 14:49:54.671 [info] > git config --get commit.template [7ms]
2026-02-24 14:49:54.699 [info] > git for-each-ref --format=%(refname)%00%(upstream:short)%00%(objectname)%00%(upstream:track)%00%(upstream:remotename)%00%(upstream:remoteref) refs/heads/main refs/remotes/main [4ms]
2026-02-24 14:49:54.753 [info] > git status -z -uall [31ms]
2026-02-24 14:49:54.754 [info] > git for-each-ref --sort -committerdate --format %(refname)%00%(objectname)%00%(*objectname) [5ms]
2026-02-24 14:54:29.774 [info] > git for-each-ref --format=%(refname)%00%(upstream:short)%00%(objectname)%00%(upstream:track)%00%(upstream:remotename)%00%(upstream:remoteref) refs/heads/main refs/remotes/main [3ms]
2026-02-24 14:54:29.776 [info] > git config --get commit.template [15ms]
2026-02-24 14:54:29.798 [info] > git status -z -uall [13ms]
2026-02-24 14:54:29.803 [info] > git for-each-ref --sort -committerdate --format %(refname)%00%(objectname)%00%(*objectname) [7ms]
2026-02-24 14:54:29.905 [info] > git ls-files --stage -- awasbot-project/index.html [2ms]
2026-02-24 14:54:30.004 [info] > git cat-file -s 0212428848c9232b65272791b857b8e6bca23a77 [91ms]
2026-02-24 14:54:30.211 [info] > git show --textconv :awasbot-project/index.html [2ms]
2026-02-24 14:54:35.978 [info] > git config --get commit.template [12ms]
2026-02-24 14:54:35.979 [info] > git for-each-ref --format=%(refname)%00%(upstream:short)%00%(objectname)%00%(upstream:track)%00%(upstream:remotename)%00%(upstream:remoteref) refs/heads/main refs/remotes/main [3ms]
2026-02-24 14:54:35.998 [info] > git status -z -uall [10ms]
2026-02-24 14:54:36.001 [info] > git for-each-ref --sort -committerdate --format %(refname)%00%(objectname)%00%(*objectname) [5ms]
2026-02-24 14:55:33.084 [info] > git for-each-ref --format=%(refname)%00%(upstream:short)%00%(objectname)%00%(upstream:track)%00%(upstream:remotename)%00%(upstream:remoteref) refs/heads/main refs/remotes/main [6ms]
2026-02-24 14:55:33.084 [info] > git config --get commit.template [15ms]
2026-02-24 14:55:33.106 [info] > git status -z -uall [12ms]
2026-02-24 14:55:33.110 [info] > git for-each-ref --sort -committerdate --format %(refname)%00%(objectname)%00%(*objectname) [5ms]
2026-02-24 14:55:38.130 [info] > git config --get commit.template [3ms]
2026-02-24 14:55:38.140 [info] > git for-each-ref --format=%(refname)%00%(upstream:short)%00%(objectname)%00%(upstream:track)%00%(upstream:remotename)%00%(upstream:remoteref) refs/heads/main refs/remotes/main [2ms]
2026-02-24 14:55:38.159 [info] > git status -z -uall [10ms]
2026-02-24 14:55:38.163 [info] > git for-each-ref --sort -committerdate --format %(refname)%00%(objectname)%00%(*objectname) [5ms]
2026-02-24 14:56:24.710 [info] > git config --get commit.template [2ms]
2026-02-24 14:56:24.722 [info] > git for-each-ref --format=%(refname)%00%(upstream:short)%00%(objectname)%00%(upstream:track)%00%(upstream:remotename)%00%(upstream:remoteref) refs/heads/main refs/remotes/main [1ms]
2026-02-24 14:56:24.742 [info] > git status -z -uall [11ms]
2026-02-24 14:56:24.746 [info] > git for-each-ref --sort -committerdate --format %(refname)%00%(objectname)%00%(*objectname) [6ms]
2026-02-24 14:56:29.777 [info] > git config --get commit.template [11ms]
2026-02-24 14:56:29.778 [info] > git for-each-ref --format=%(refname)%00%(upstream:short)%00%(objectname)%00%(upstream:track)%00%(upstream:remotename)%00%(upstream:remoteref) refs/heads/main refs/remotes/main [2ms]
2026-02-24 14:56:29.798 [info] > git status -z -uall [11ms]
2026-02-24 14:56:29.803 [info] > git for-each-ref --sort -committerdate --format %(refname)%00%(objectname)%00%(*objectname) [6ms]
2026-02-24 14:56:45.173 [info] > git config --get commit.template [10ms]
2026-02-24 14:56:45.174 [info] > git for-each-ref --format=%(refname)%00%(upstream:short)%00%(objectname)%00%(upstream:track)%00%(upstream:remotename)%00%(upstream:remoteref) refs/heads/main refs/remotes/main [2ms]
2026-02-24 14:56:45.193 [info] > git status -z -uall [10ms]
2026-02-24 14:56:45.198 [info] > git for-each-ref --sort -committerdate --format %(refname)%00%(objectname)%00%(*objectname) [6ms]
2026-02-24 14:56:55.587 [info] > git for-each-ref --format=%(refname)%00%(upstream:short)%00%(objectname)%00%(upstream:track)%00%(upstream:remotename)%00%(upstream:remoteref) refs/heads/main refs/remotes/main [3ms]
2026-02-24 14:56:55.587 [info] > git config --get commit.template [12ms]
2026-02-24 14:56:55.607 [info] > git status -z -uall [10ms]
2026-02-24 14:56:55.609 [info] > git for-each-ref --sort -committerdate --format %(refname)%00%(objectname)%00%(*objectname) [3ms]
2026-02-24 14:57:01.221 [info] > git ls-files --stage -- awasbot-project/index.html [4ms]
2026-02-24 14:57:01.231 [info] > git cat-file -s cdc6eacef689405522c7d35c713598fd5bfdd085 [2ms]
2026-02-24 14:57:01.269 [info] > git show --textconv :awasbot-project/index.html [3ms]
2026-02-24 14:57:06.634 [info] > git config --get commit.template [10ms]
2026-02-24 14:57:06.635 [info] > git for-each-ref --format=%(refname)%00%(upstream:short)%00%(objectname)%00%(upstream:track)%00%(upstream:remotename)%00%(upstream:remoteref) refs/heads/main refs/remotes/main [2ms]
2026-02-24 14:57:06.656 [info] > git status -z -uall [11ms]
2026-02-24 14:57:06.658 [info] > git for-each-ref --sort -committerdate --format %(refname)%00%(objectname)%00%(*objectname) [5ms]
2026-02-24 14:57:07.554 [info] > git show --textconv HEAD:awasbot-project/index.html [9ms]
2026-02-24 14:57:07.555 [info] > git ls-tree -l HEAD -- awasbot-project/index.html [3ms]
2026-02-24 14:57:09.877 [info] > git ls-files --stage -- awasbot-project/index.html [9ms]
2026-02-24 14:57:09.886 [info] > git ls-tree -l HEAD -- awasbot-project/index.html [10ms]
2026-02-24 14:57:09.888 [info] > git cat-file -s cdc6eacef689405522c7d35c713598fd5bfdd085 [2ms]
2026-02-24 14:57:09.938 [info] > git show --textconv HEAD:awasbot-project/index.html [12ms]
2026-02-24 14:57:09.939 [info] > git show --textconv :awasbot-project/index.html [4ms]
2026-02-24 14:57:16.784 [info] > git config --get commit.template [10ms]
2026-02-24 14:57:16.786 [info] > git for-each-ref --format=%(refname)%00%(upstream:short)%00%(objectname)%00%(upstream:track)%00%(upstream:remotename)%00%(upstream:remoteref) refs/heads/main refs/remotes/main [3ms]
2026-02-24 14:57:16.807 [info] > git status -z -uall [11ms]
2026-02-24 14:57:16.808 [info] > git for-each-ref --sort -committerdate --format %(refname)%00%(objectname)%00%(*objectname) [3ms]
2026-02-24 14:57:16.840 [info] > git blame --root --incremental c02cc1cca9ca16281438c00e11d1b4ae663ebc6d -- awasbot-project/index.html [12ms]
2026-02-24 14:57:16.843 [info] > git merge-base refs/heads/main refs/remotes/origin/main [6ms]
2026-02-24 14:57:16.855 [info] > git diff --name-status -z --diff-filter=ADMR bf0f12f2d959efa6a76f420271f4acd70fc32663...refs/remotes/origin/main [3ms]
2026-02-24 14:57:51.388 [info] > git config --get commit.template [15ms]
2026-02-24 14:57:51.389 [info] > git for-each-ref --format=%(refname)%00%(upstream:short)%00%(objectname)%00%(upstream:track)%00%(upstream:remotename)%00%(upstream:remoteref) refs/heads/main refs/remotes/main [2ms]
2026-02-24 14:57:51.410 [info] > git status -z -uall [12ms]
2026-02-24 14:57:51.412 [info] > git for-each-ref --sort -committerdate --format %(refname)%00%(objectname)%00%(*objectname) [3ms]
2026-02-24 14:57:56.427 [info] > git config --get commit.template [2ms]
2026-02-24 14:57:56.438 [info] > git for-each-ref --format=%(refname)%00%(upstream:short)%00%(objectname)%00%(upstream:track)%00%(upstream:remotename)%00%(upstream:remoteref) refs/heads/main refs/remotes/main [2ms]
2026-02-24 14:57:56.457 [info] > git status -z -uall [10ms]
2026-02-24 14:57:56.459 [info] > git for-each-ref --sort -committerdate --format %(refname)%00%(objectname)%00%(*objectname) [3ms]
2026-02-24 14:58:01.474 [info] > git config --get commit.template [3ms]
2026-02-24 14:58:01.484 [info] > git for-each-ref --format=%(refname)%00%(upstream:short)%00%(objectname)%00%(upstream:track)%00%(upstream:remotename)%00%(upstream:remoteref) refs/heads/main refs/remotes/main [2ms]
2026-02-24 14:58:01.502 [info] > git status -z -uall [9ms]
2026-02-24 14:58:01.503 [info] > git for-each-ref --sort -committerdate --format %(refname)%00%(objectname)%00%(*objectname) [2ms]
2026-02-24 14:58:43.001 [info] > git config --get commit.template [11ms]
2026-02-24 14:58:43.003 [info] > git for-each-ref --format=%(refname)%00%(upstream:short)%00%(objectname)%00%(upstream:track)%00%(upstream:remotename)%00%(upstream:remoteref) refs/heads/main refs/remotes/main [3ms]
2026-02-24 14:58:43.021 [info] > git status -z -uall [9ms]
2026-02-24 14:58:43.023 [info] > git for-each-ref --sort -committerdate --format %(refname)%00%(objectname)%00%(*objectname) [3ms]
2026-02-24 14:58:48.043 [info] > git config --get commit.template [9ms]
2026-02-24 14:58:48.045 [info] > git for-each-ref --format=%(refname)%00%(upstream:short)%00%(objectname)%00%(upstream:track)%00%(upstream:remotename)%00%(upstream:remoteref) refs/heads/main refs/remotes/main [3ms]
2026-02-24 14:58:48.062 [info] > git status -z -uall [9ms]
2026-02-24 14:58:48.064 [info] > git for-each-ref --sort -committerdate --format %(refname)%00%(objectname)%00%(*objectname) [3ms]
2026-02-24 14:58:48.419 [info] > git ls-files --stage -- awasbot-project/index.html [2ms]
2026-02-24 14:58:48.429 [info] > git cat-file -s cdc6eacef689405522c7d35c713598fd5bfdd085 [2ms]
2026-02-24 14:58:48.468 [info] > git show --textconv :awasbot-project/index.html [2ms]
2026-02-24 14:58:53.078 [info] > git config --get commit.template [3ms]
2026-02-24 14:58:53.088 [info] > git for-each-ref --format=%(refname)%00%(upstream:short)%00%(objectname)%00%(upstream:track)%00%(upstream:remotename)%00%(upstream:remoteref) refs/heads/main refs/remotes/main [2ms]
2026-02-24 14:58:53.106 [info] > git status -z -uall [9ms]
2026-02-24 14:58:53.108 [info] > git for-each-ref --sort -committerdate --format %(refname)%00%(objectname)%00%(*objectname) [3ms]
2026-02-24 14:59:58.533 [info] > git config --get commit.template [10ms]
2026-02-24 14:59:58.535 [info] > git for-each-ref --format=%(refname)%00%(upstream:short)%00%(objectname)%00%(upstream:track)%00%(upstream:remotename)%00%(upstream:remoteref) refs/heads/main refs/remotes/main [2ms]
2026-02-24 14:59:58.554 [info] > git status -z -uall [10ms]
2026-02-24 14:59:58.555 [info] > git for-each-ref --sort -committerdate --format %(refname)%00%(objectname)%00%(*objectname) [2ms]
2026-02-24 15:00:02.245 [info] > git ls-files --stage -- awasbot-project/index.html [2ms]
2026-02-24 15:00:02.256 [info] > git cat-file -s cdc6eacef689405522c7d35c713598fd5bfdd085 [2ms]
2026-02-24 15:00:02.295 [info] > git show --textconv :awasbot-project/index.html [3ms]
2026-02-24 15:00:05.629 [info] > git config --get commit.template [10ms]
2026-02-24 15:00:05.630 [info] > git for-each-ref --format=%(refname)%00%(upstream:short)%00%(objectname)%00%(upstream:track)%00%(upstream:remotename)%00%(upstream:remoteref) refs/heads/main refs/remotes/main [2ms]
2026-02-24 15:00:05.652 [info] > git status -z -uall [13ms]
2026-02-24 15:00:05.652 [info] > git for-each-ref --sort -committerdate --format %(refname)%00%(objectname)%00%(*objectname) [3ms]
2026-02-24 15:00:08.833 [info] > git ls-files --stage -- awasbot-project/index.html [3ms]
2026-02-24 15:00:08.843 [info] > git cat-file -s cdc6eacef689405522c7d35c713598fd5bfdd085 [2ms]
2026-02-24 15:00:08.881 [info] > git show --textconv :awasbot-project/index.html [2ms]
2026-02-24 15:00:10.672 [info] > git config --get commit.template [9ms]
2026-02-24 15:00:10.674 [info] > git for-each-ref --format=%(refname)%00%(upstream:short)%00%(objectname)%00%(upstream:track)%00%(upstream:remotename)%00%(upstream:remoteref) refs/heads/main refs/remotes/main [3ms]
2026-02-24 15:00:10.694 [info] > git status -z -uall [12ms]
2026-02-24 15:00:10.694 [info] > git for-each-ref --sort -committerdate --format %(refname)%00%(objectname)%00%(*objectname) [3ms]
2026-02-24 15:00:10.716 [info] > git blame --root --incremental 200659f3817268deca989cc8ba403975f6d56561 -- awasbot-project/index.html [11ms]
2026-02-24 15:00:10.719 [info] > git merge-base refs/heads/main refs/remotes/origin/main [5ms]
2026-02-24 15:00:10.732 [info] > git diff --name-status -z --diff-filter=ADMR bf0f12f2d959efa6a76f420271f4acd70fc32663...refs/remotes/origin/main [2ms]
2026-02-24 15:00:18.729 [info] > git config --get commit.template [2ms]
2026-02-24 15:00:18.740 [info] > git for-each-ref --format=%(refname)%00%(upstream:short)%00%(objectname)%00%(upstream:track)%00%(upstream:remotename)%00%(upstream:remoteref) refs/heads/main refs/remotes/main [2ms]
2026-02-24 15:00:18.760 [info] > git status -z -uall [10ms]
2026-02-24 15:00:18.762 [info] > git for-each-ref --sort -committerdate --format %(refname)%00%(objectname)%00%(*objectname) [3ms]
2026-02-24 15:00:23.785 [info] > git config --get commit.template [10ms]
2026-02-24 15:00:23.787 [info] > git for-each-ref --format=%(refname)%00%(upstream:short)%00%(objectname)%00%(upstream:track)%00%(upstream:remotename)%00%(upstream:remoteref) refs/heads/main refs/remotes/main [3ms]
2026-02-24 15:00:23.806 [info] > git status -z -uall [10ms]
2026-02-24 15:00:23.808 [info] > git for-each-ref --sort -committerdate --format %(refname)%00%(objectname)%00%(*objectname) [3ms]
2026-02-24 15:00:28.829 [info] > git config --get commit.template [10ms]
2026-02-24 15:00:28.831 [info] > git for-each-ref --format=%(refname)%00%(upstream:short)%00%(objectname)%00%(upstream:track)%00%(upstream:remotename)%00%(upstream:remoteref) refs/heads/main refs/remotes/main [3ms]
2026-02-24 15:00:28.852 [info] > git status -z -uall [12ms]
2026-02-24 15:00:28.854 [info] > git for-each-ref --sort -committerdate --format %(refname)%00%(objectname)%00%(*objectname) [3ms]
2026-02-24 15:00:39.509 [info] > git config --get commit.template [11ms]
2026-02-24 15:00:39.511 [info] > git for-each-ref --format=%(refname)%00%(upstream:short)%00%(objectname)%00%(upstream:track)%00%(upstream:remotename)%00%(upstream:remoteref) refs/heads/main refs/remotes/main [3ms]
2026-02-24 15:00:39.532 [info] > git status -z -uall [13ms]
2026-02-24 15:00:39.534 [info] > git for-each-ref --sort -committerdate --format %(refname)%00%(objectname)%00%(*objectname) [3ms]
2026-02-24 15:00:45.314 [info] > git config --get commit.template [10ms]
2026-02-24 15:00:45.315 [info] > git for-each-ref --format=%(refname)%00%(upstream:short)%00%(objectname)%00%(upstream:track)%00%(upstream:remotename)%00%(upstream:remoteref) refs/heads/main refs/remotes/main [2ms]
2026-02-24 15:00:45.334 [info] > git status -z -uall [10ms]
2026-02-24 15:00:45.337 [info] > git for-each-ref --sort -committerdate --format %(refname)%00%(objectname)%00%(*objectname) [3ms]
2026-02-24 15:00:50.359 [info] > git config --get commit.template [11ms]
2026-02-24 15:00:50.361 [info] > git for-each-ref --format=%(refname)%00%(upstream:short)%00%(objectname)%00%(upstream:track)%00%(upstream:remotename)%00%(upstream:remoteref) refs/heads/main refs/remotes/main [2ms]
2026-02-24 15:00:50.381 [info] > git status -z -uall [11ms]
2026-02-24 15:00:50.382 [info] > git for-each-ref --sort -committerdate --format %(refname)%00%(objectname)%00%(*objectname) [3ms]
2026-02-24 15:01:55.735 [info] > git config --get commit.template [11ms]
2026-02-24 15:01:55.737 [info] > git for-each-ref --format=%(refname)%00%(upstream:short)%00%(objectname)%00%(upstream:track)%00%(upstream:remotename)%00%(upstream:remoteref) refs/heads/main refs/remotes/main [3ms]
2026-02-24 15:01:55.760 [info] > git status -z -uall [13ms]
2026-02-24 15:01:55.765 [info] > git for-each-ref --sort -committerdate --format %(refname)%00%(objectname)%00%(*objectname) [7ms]
2026-02-24 15:01:59.148 [info] > git ls-files --stage -- awasbot-project/index.html [2ms]
2026-02-24 15:01:59.159 [info] > git cat-file -s cdc6eacef689405522c7d35c713598fd5bfdd085 [2ms]
2026-02-24 15:01:59.199 [info] > git show --textconv :awasbot-project/index.html [3ms]
2026-02-24 15:02:00.790 [info] > git config --get commit.template [11ms]
2026-02-24 15:02:00.791 [info] > git for-each-ref --format=%(refname)%00%(upstream:short)%00%(objectname)%00%(upstream:track)%00%(upstream:remotename)%00%(upstream:remoteref) refs/heads/main refs/remotes/main [2ms]
2026-02-24 15:02:00.812 [info] > git status -z -uall [11ms]
2026-02-24 15:02:00.816 [info] > git for-each-ref --sort -committerdate --format %(refname)%00%(objectname)%00%(*objectname) [5ms]
2026-02-24 15:02:08.628 [info] > git config --get commit.template [10ms]
2026-02-24 15:02:08.630 [info] > git for-each-ref --format=%(refname)%00%(upstream:short)%00%(objectname)%00%(upstream:track)%00%(upstream:remotename)%00%(upstream:remoteref) refs/heads/main refs/remotes/main [2ms]
2026-02-24 15:02:08.648 [info] > git status -z -uall [10ms]
2026-02-24 15:02:08.652 [info] > git for-each-ref --sort -committerdate --format %(refname)%00%(objectname)%00%(*objectname) [5ms]
2026-02-24 15:02:18.048 [info] > git config --get commit.template [11ms]
2026-02-24 15:02:18.049 [info] > git for-each-ref --format=%(refname)%00%(upstream:short)%00%(objectname)%00%(upstream:track)%00%(upstream:remotename)%00%(upstream:remoteref) refs/heads/main refs/remotes/main [2ms]
2026-02-24 15:02:18.071 [info] > git status -z -uall [12ms]
2026-02-24 15:02:18.071 [info] > git for-each-ref --sort -committerdate --format %(refname)%00%(objectname)%00%(*objectname) [3ms]
2026-02-24 15:02:21.191 [info] > git ls-files --stage -- awasbot-project/index.html [2ms]
2026-02-24 15:02:21.201 [info] > git cat-file -s cdc6eacef689405522c7d35c713598fd5bfdd085 [2ms]
2026-02-24 15:02:21.240 [info] > git show --textconv :awasbot-project/index.html [3ms]
2026-02-24 15:02:32.742 [info] > git config --get commit.template [12ms]
2026-02-24 15:02:32.744 [info] > git for-each-ref --format=%(refname)%00%(upstream:short)%00%(objectname)%00%(upstream:track)%00%(upstream:remotename)%00%(upstream:remoteref) refs/heads/main refs/remotes/main [3ms]
2026-02-24 15:02:32.764 [info] > git status -z -uall [10ms]
2026-02-24 15:02:32.766 [info] > git for-each-ref --sort -committerdate --format %(refname)%00%(objectname)%00%(*objectname) [3ms]
2026-02-24 15:02:32.790 [info] > git blame --root --incremental b3b69f47930e325e18dcb18eae165885968ee188 -- awasbot-project/index.html [11ms]
2026-02-24 15:02:32.792 [info] > git merge-base refs/heads/main refs/remotes/origin/main [4ms]
2026-02-24 15:02:32.804 [info] > git diff --name-status -z --diff-filter=ADMR bf0f12f2d959efa6a76f420271f4acd70fc32663...refs/remotes/origin/main [3ms]
2026-02-24 15:02:44.438 [info] > git config --get commit.template [2ms]
2026-02-24 15:02:44.449 [info] > git for-each-ref --format=%(refname)%00%(upstream:short)%00%(objectname)%00%(upstream:track)%00%(upstream:remotename)%00%(upstream:remoteref) refs/heads/main refs/remotes/main [2ms]
2026-02-24 15:02:44.472 [info] > git status -z -uall [11ms]
2026-02-24 15:02:44.474 [info] > git for-each-ref --sort -committerdate --format %(refname)%00%(objectname)%00%(*objectname) [3ms]
2026-02-24 15:02:50.443 [info] > git config --get commit.template [3ms]
2026-02-24 15:02:50.454 [info] > git for-each-ref --format=%(refname)%00%(upstream:short)%00%(objectname)%00%(upstream:track)%00%(upstream:remotename)%00%(upstream:remoteref) refs/heads/main refs/remotes/main [3ms]
2026-02-24 15:02:50.475 [info] > git status -z -uall [10ms]
2026-02-24 15:02:50.476 [info] > git for-each-ref --sort -committerdate --format %(refname)%00%(objectname)%00%(*objectname) [3ms]
2026-02-24 15:03:58.761 [info] > git config --get commit.template [12ms]
2026-02-24 15:03:58.762 [info] > git for-each-ref --format=%(refname)%00%(upstream:short)%00%(objectname)%00%(upstream:track)%00%(upstream:remotename)%00%(upstream:remoteref) refs/heads/main refs/remotes/main [3ms]
2026-02-24 15:03:58.782 [info] > git status -z -uall [11ms]
2026-02-24 15:03:58.783 [info] > git for-each-ref --sort -committerdate --format %(refname)%00%(objectname)%00%(*objectname) [2ms]
2026-02-24 15:04:02.593 [info] > git ls-files --stage -- awasbot-project/index.html [2ms]
2026-02-24 15:04:02.603 [info] > git cat-file -s cdc6eacef689405522c7d35c713598fd5bfdd085 [2ms]
2026-02-24 15:04:02.647 [info] > git show --textconv :awasbot-project/index.html [3ms]
2026-02-24 15:04:03.805 [info] > git config --get commit.template [9ms]
2026-02-24 15:04:03.807 [info] > git for-each-ref --format=%(refname)%00%(upstream:short)%00%(objectname)%00%(upstream:track)%00%(upstream:remotename)%00%(upstream:remoteref) refs/heads/main refs/remotes/main [3ms]
2026-02-24 15:04:03.827 [info] > git status -z -uall [12ms]
2026-02-24 15:04:03.828 [info] > git for-each-ref --sort -committerdate --format %(refname)%00%(objectname)%00%(*objectname) [4ms]
2026-02-24 15:04:03.845 [info] > git merge-base refs/heads/main refs/remotes/origin/main [2ms]
2026-02-24 15:04:03.855 [info] > git diff --name-status -z --diff-filter=ADMR bf0f12f2d959efa6a76f420271f4acd70fc32663...refs/remotes/origin/main [2ms]
2026-02-24 15:04:04.955 [info] > git show --textconv HEAD:awasbot-project/index.html [9ms]
2026-02-24 15:04:04.957 [info] > git ls-tree -l HEAD -- awasbot-project/index.html [3ms]
2026-02-24 15:04:09.110 [info] > git config --get commit.template [10ms]
2026-02-24 15:04:09.111 [info] > git for-each-ref --format=%(refname)%00%(upstream:short)%00%(objectname)%00%(upstream:track)%00%(upstream:remotename)%00%(upstream:remoteref) refs/heads/main refs/remotes/main [3ms]
2026-02-24 15:04:09.130 [info] > git status -z -uall [10ms]
2026-02-24 15:04:09.132 [info] > git for-each-ref --sort -committerdate --format %(refname)%00%(objectname)%00%(*objectname) [2ms]
2026-02-24 15:04:18.866 [info] > git show -s --decorate=full --shortstat --format=%H%n%aN%n%aE%n%at%n%ct%n%P%n%D%n%B -z bf0f12f2d959efa6a76f420271f4acd70fc32663 -- [4ms]
