2026-02-24 08:19:57.594 [warning] Dir "/home/xixianteoh/.pixi/envs" is not watchable (directory does not exist)
2026-02-24 08:19:57.793 [info] Starting Environment refresh
2026-02-24 08:19:57.793 [info] Searching for interpreters in posix paths locator
2026-02-24 08:19:57.802 [info] Searching for pyenv environments
2026-02-24 08:19:57.802 [info] Searching for conda environments
2026-02-24 08:19:57.803 [info] Searching for global virtual environments
2026-02-24 08:19:57.803 [info] Searching for custom virtual environments
2026-02-24 08:19:57.809 [info] Skipping ActivatedEnv Detection:  process.env.VSCODE_CLI !== '1'
2026-02-24 08:19:57.809 [info] Skipping ActivatedEnv Detection:  process.env.VSCODE_CLI !== '1'
2026-02-24 08:19:57.812 [info] pyenv is not installed
2026-02-24 08:19:57.812 [info] Finished searching for pyenv environments: 18 milliseconds
2026-02-24 08:19:57.812 [info] Finished searching for custom virtual envs: 17 milliseconds
2026-02-24 08:19:57.823 [info] > conda info --json
2026-02-24 08:19:57.835 [info] > hatch env show --json
2026-02-24 08:19:57.836 [info] cwd: .
2026-02-24 08:19:57.846 [info] > pyenv which python
2026-02-24 08:19:57.846 [info] cwd: .
2026-02-24 08:19:57.846 [info] Finished searching for global virtual envs: 51 milliseconds
2026-02-24 08:19:57.861 [info] Found: /bin/python --> /bin/python3.12
2026-02-24 08:19:57.863 [info] Found: /bin/python3 --> /bin/python3.12
2026-02-24 08:19:57.864 [info] Found: /bin/python3.12 --> /bin/python3.12
2026-02-24 08:19:57.919 [info] Found: /usr/bin/python --> /usr/bin/python3.12
2026-02-24 08:19:57.919 [info] Found: /usr/bin/python3 --> /usr/bin/python3.12
2026-02-24 08:19:57.920 [info] Found: /usr/bin/python3.12 --> /usr/bin/python3.12
2026-02-24 08:19:57.966 [info] Finished searching for interpreters in posix paths locator: 167 milliseconds
2026-02-24 08:19:57.966 [info] > /bin/python -I /google/devshell/editor/code-oss-for-cloud-shell/extensions/ms-python.python/python_files/get_output_via_markers.py /google/devshell/editor/code-oss-for-cloud-shell/extensions/ms-python.python/python_files/interpreterInfo.py
2026-02-24 08:19:57.983 [info] > /usr/bin/python -I /google/devshell/editor/code-oss-for-cloud-shell/extensions/ms-python.python/python_files/get_output_via_markers.py /google/devshell/editor/code-oss-for-cloud-shell/extensions/ms-python.python/python_files/interpreterInfo.py
2026-02-24 08:19:57.983 [info] Environments refresh paths discovered (event): 191 milliseconds
2026-02-24 08:19:57.983 [info] Environments refresh paths discovered: 192 milliseconds
2026-02-24 08:19:58.035 [info] Environments refresh finished (event): 244 milliseconds
2026-02-24 08:19:58.047 [info] Environment refresh took 255 milliseconds
2026-02-24 08:19:58.057 [info] Python interpreter path: /bin/python
2026-02-24 08:20:00.053 [info] Starting Jedi language server for xixianteoh.
2026-02-24 08:22:16.662 [info] Discover tests for workspace name: xixianteoh - uri: /home/xixianteoh/main.py
2026-02-24 08:22:24.374 [info] Discover tests for workspace name: xixianteoh - uri: /home/xixianteoh/main.py
2026-02-24 08:23:09.067 [info] Running installed packages checker:  {
  id: '/bin/python',
  sysPrefix: '/usr',
  envType: 'Global',
  envName: '',
  envPath: '',
  path: '/bin/python',
  architecture: 3,
  sysVersion: '3.12.3 (main, Jan 22 2026, 20:57:42) [GCC 13.3.0]',
  version: {
    raw: '3.12.3',
    major: 3,
    minor: 12,
    patch: 3,
    build: [],
    prerelease: [ 'final', '0' ]
  },
  displayName: 'Python 3.12.3 64-bit',
  detailedDisplayName: 'Python 3.12.3 64-bit',
  type: undefined
} /google/devshell/editor/code-oss-for-cloud-shell/extensions/ms-python.python/python_files/installed_check.py /home/xixianteoh/requirements.txt
2026-02-24 08:23:09.068 [info] > /bin/python /google/devshell/editor/code-oss-for-cloud-shell/extensions/ms-python.python/python_files/installed_check.py ./requirements.txt
2026-02-24 08:23:33.923 [info] Running installed packages checker:  {
  id: '/bin/python',
  sysPrefix: '/usr',
  envType: 'Global',
  envName: '',
  envPath: '',
  path: '/bin/python',
  architecture: 3,
  sysVersion: '3.12.3 (main, Jan 22 2026, 20:57:42) [GCC 13.3.0]',
  version: {
    raw: '3.12.3',
    major: 3,
    minor: 12,
    patch: 3,
    build: [],
    prerelease: [ 'final', '0' ]
  },
  displayName: 'Python 3.12.3 64-bit',
  detailedDisplayName: 'Python 3.12.3 64-bit',
  type: undefined
} /google/devshell/editor/code-oss-for-cloud-shell/extensions/ms-python.python/python_files/installed_check.py /home/xixianteoh/requirements.txt
2026-02-24 08:23:33.923 [info] > /bin/python /google/devshell/editor/code-oss-for-cloud-shell/extensions/ms-python.python/python_files/installed_check.py ./requirements.txt
2026-02-24 08:23:37.767 [info] Running installed packages checker:  {
  id: '/bin/python',
  sysPrefix: '/usr',
  envType: 'Global',
  envName: '',
  envPath: '',
  path: '/bin/python',
  architecture: 3,
  sysVersion: '3.12.3 (main, Jan 22 2026, 20:57:42) [GCC 13.3.0]',
  version: {
    raw: '3.12.3',
    major: 3,
    minor: 12,
    patch: 3,
    build: [],
    prerelease: [ 'final', '0' ]
  },
  displayName: 'Python 3.12.3 64-bit',
  detailedDisplayName: 'Python 3.12.3 64-bit',
  type: undefined
} /google/devshell/editor/code-oss-for-cloud-shell/extensions/ms-python.python/python_files/installed_check.py /home/xixianteoh/requirements.txt
2026-02-24 08:23:37.767 [info] > /bin/python /google/devshell/editor/code-oss-for-cloud-shell/extensions/ms-python.python/python_files/installed_check.py ./requirements.txt
2026-02-24 08:23:40.616 [info] Running installed packages checker:  {
  id: '/bin/python',
  sysPrefix: '/usr',
  envType: 'Global',
  envName: '',
  envPath: '',
  path: '/bin/python',
  architecture: 3,
  sysVersion: '3.12.3 (main, Jan 22 2026, 20:57:42) [GCC 13.3.0]',
  version: {
    raw: '3.12.3',
    major: 3,
    minor: 12,
    patch: 3,
    build: [],
    prerelease: [ 'final', '0' ]
  },
  displayName: 'Python 3.12.3 64-bit',
  detailedDisplayName: 'Python 3.12.3 64-bit',
  type: undefined
} /google/devshell/editor/code-oss-for-cloud-shell/extensions/ms-python.python/python_files/installed_check.py /home/xixianteoh/requirements.txt
2026-02-24 08:23:40.616 [info] > /bin/python /google/devshell/editor/code-oss-for-cloud-shell/extensions/ms-python.python/python_files/installed_check.py ./requirements.txt
